<?xml version="1.0" encoding="UTF-8"?>
<coverage generated="1679597082954" clover="3.2.0">
  <project timestamp="1679597082954" name="All files">
    <metrics statements="27" coveredstatements="22" conditionals="10" coveredconditionals="4" methods="19" coveredmethods="14" elements="56" coveredelements="40" complexity="0" loc="27" ncloc="27" packages="5" files="6" classes="6"/>
    <package name="new-test-repo">
      <metrics statements="4" coveredstatements="3" conditionals="2" coveredconditionals="0" methods="3" coveredmethods="2"/>
      <file name="words.js" path="/Users/adrian/Documents/Coding/Extra/new-test-repo/words.js">
        <metrics statements="4" coveredstatements="3" conditionals="2" coveredconditionals="0" methods="3" coveredmethods="2"/>
        <line num="2" count="1" type="stmt"/>
        <line num="6" count="1" type="stmt"/>
        <line num="10" count="0" type="cond" truecount="0" falsecount="2"/>
        <line num="13" count="1" type="stmt"/>
      </file>
    </package>
    <package name="new-test-repo.flag1">
      <metrics statements="4" coveredstatements="3" conditionals="0" coveredconditionals="0" methods="3" coveredmethods="2"/>
      <file name="mafs.js" path="/Users/adrian/Documents/Coding/Extra/new-test-repo/flag1/mafs.js">
        <metrics statements="4" coveredstatements="3" conditionals="0" coveredconditionals="0" methods="3" coveredmethods="2"/>
        <line num="2" count="1" type="stmt"/>
        <line num="6" count="1" type="stmt"/>
        <line num="10" count="0" type="stmt"/>
        <line num="21" count="1" type="stmt"/>
      </file>
    </package>
    <package name="new-test-repo.flag2">
      <metrics statements="4" coveredstatements="3" conditionals="2" coveredconditionals="2" methods="3" coveredmethods="2"/>
      <file name="words.js" path="/Users/adrian/Documents/Coding/Extra/new-test-repo/flag2/words.js">
        <metrics statements="4" coveredstatements="3" conditionals="2" coveredconditionals="2" methods="3" coveredmethods="2"/>
        <line num="2" count="0" type="stmt"/>
        <line num="6" count="1" type="stmt"/>
        <line num="10" count="2" type="cond" truecount="2" falsecount="0"/>
        <line num="13" count="1" type="stmt"/>
      </file>
    </package>
    <package name="new-test-repo.folder">
      <metrics statements="4" coveredstatements="3" conditionals="2" coveredconditionals="0" methods="3" coveredmethods="2"/>
      <file name="words.js" path="/Users/adrian/Documents/Coding/Extra/new-test-repo/folder/words.js">
        <metrics statements="4" coveredstatements="3" conditionals="2" coveredconditionals="0" methods="3" coveredmethods="2"/>
        <line num="2" count="1" type="stmt"/>
        <line num="6" count="1" type="stmt"/>
        <line num="10" count="0" type="cond" truecount="0" falsecount="2"/>
        <line num="13" count="1" type="stmt"/>
      </file>
    </package>
    <package name="new-test-repo.folder.subfolder">
      <metrics statements="11" coveredstatements="10" conditionals="4" coveredconditionals="2" methods="7" coveredmethods="6"/>
      <file name="mafs.js" path="/Users/adrian/Documents/Coding/Extra/new-test-repo/folder/subfolder/mafs.js">
        <metrics statements="7" coveredstatements="7" conditionals="2" coveredconditionals="2" methods="4" coveredmethods="4"/>
        <line num="2" count="1" type="stmt"/>
        <line num="6" count="1" type="stmt"/>
        <line num="10" count="1" type="stmt"/>
        <line num="14" count="2" type="cond" truecount="2" falsecount="0"/>
        <line num="15" count="1" type="stmt"/>
        <line num="17" count="1" type="stmt"/>
        <line num="21" count="1" type="stmt"/>
      </file>
      <file name="words.js" path="/Users/adrian/Documents/Coding/Extra/new-test-repo/folder/subfolder/words.js">
        <metrics statements="4" coveredstatements="3" conditionals="2" coveredconditionals="0" methods="3" coveredmethods="2"/>
        <line num="2" count="1" type="stmt"/>
        <line num="6" count="1" type="stmt"/>
        <line num="10" count="0" type="cond" truecount="0" falsecount="2"/>
        <line num="13" count="1" type="stmt"/>
      </file>
    </package>
  </project>
</coverage>
